{
  "stats": {
    "suites": 1,
    "tests": 3,
    "passes": 0,
    "pending": 0,
    "failures": 3,
    "start": "2025-04-08T20:46:16.047Z",
    "end": "2025-04-08T20:46:34.415Z",
    "duration": 18368,
    "testsRegistered": 3,
    "passPercent": 0,
    "pendingPercent": 0,
    "other": 0,
    "hasOther": false,
    "skipped": 0,
    "hasSkipped": false
  },
  "results": [
    {
      "uuid": "18a519d9-1795-4dc6-820b-7c6383527617",
      "title": "",
      "fullFile": "cypress/integration/tests/priceVerificationTest.spec.js",
      "file": "cypress/integration/tests/priceVerificationTest.spec.js",
      "beforeHooks": [],
      "afterHooks": [],
      "tests": [],
      "suites": [
        {
          "uuid": "cd40a978-92db-47c7-88df-dd5debf5a6c1",
          "title": "Price Verification Test",
          "fullFile": "",
          "file": "",
          "beforeHooks": [],
          "afterHooks": [],
          "tests": [
            {
              "title": "should display prices correctly on https://offers.petlabco.co.uk/probiotic-chews",
              "fullTitle": "Price Verification Test should display prices correctly on https://offers.petlabco.co.uk/probiotic-chews",
              "timedOut": null,
              "duration": 6126,
              "state": "failed",
              "speed": null,
              "pass": false,
              "fail": true,
              "pending": false,
              "context": null,
              "code": "cy.verifyPageLoad(urlObj.url);\ncy.verifyPriceOnPage(urlObj.priceSelectors);",
              "err": {
                "message": "AssertionError: Timed out retrying after 4000ms: Expected to find element: `.price-one-time`, but never found it.",
                "estack": "AssertionError: Timed out retrying after 4000ms: Expected to find element: `.price-one-time`, but never found it.\n    at Context.eval (webpack://petlab-test/./cypress/support/commands.js:36:38)\n    at wrapped (https://offers.petlabco.co.uk/__cypress/runner/cypress_runner.js:139902:43)",
                "diff": null
              },
              "uuid": "6ef93368-7ec9-4ee0-9e62-aaff6be1a378",
              "parentUUID": "cd40a978-92db-47c7-88df-dd5debf5a6c1",
              "isHook": false,
              "skipped": false
            },
            {
              "title": "should display prices correctly on https://offers.thepetlabco.com/probiotic-chews/stock_upbxgy",
              "fullTitle": "Price Verification Test should display prices correctly on https://offers.thepetlabco.com/probiotic-chews/stock_upbxgy",
              "timedOut": null,
              "duration": 6382,
              "state": "failed",
              "speed": null,
              "pass": false,
              "fail": true,
              "pending": false,
              "context": null,
              "code": "cy.verifyPageLoad(urlObj.url);\ncy.verifyPriceOnPage(urlObj.priceSelectors);",
              "err": {
                "message": "AssertionError: Timed out retrying after 4000ms: Expected to find element: `.stock-up-price`, but never found it.",
                "estack": "AssertionError: Timed out retrying after 4000ms: Expected to find element: `.stock-up-price`, but never found it.\n    at Context.eval (webpack://petlab-test/./cypress/support/commands.js:36:38)\n    at wrapped (https://offers.thepetlabco.com/__cypress/runner/cypress_runner.js:139902:43)",
                "diff": null
              },
              "uuid": "283509b4-86df-4284-8f87-62304e016b28",
              "parentUUID": "cd40a978-92db-47c7-88df-dd5debf5a6c1",
              "isHook": false,
              "skipped": false
            },
            {
              "title": "should display prices correctly on https://offers.thepetlabco.com/probiotic-allergy-immune",
              "fullTitle": "Price Verification Test should display prices correctly on https://offers.thepetlabco.com/probiotic-allergy-immune",
              "timedOut": null,
              "duration": 2997,
              "state": "failed",
              "speed": null,
              "pass": false,
              "fail": true,
              "pending": false,
              "context": null,
              "code": "cy.verifyPageLoad(urlObj.url);\ncy.verifyPriceOnPage(urlObj.priceSelectors);",
              "err": {
                "message": "Error: The following error originated from your application code, not from Cypress.\n\n  > ResizeObserver loop completed with undelivered notifications.\n\nWhen Cypress detects uncaught errors originating from your application it will automatically fail the current test.\n\nThis behavior is configurable, and you can choose to turn this off by listening to the `uncaught:exception` event.\n\nhttps://on.cypress.io/uncaught-exception-from-application",
                "estack": "Error: The following error originated from your application code, not from Cypress.\n\n  > ResizeObserver loop completed with undelivered notifications.\n\nWhen Cypress detects uncaught errors originating from your application it will automatically fail the current test.\n\nThis behavior is configurable, and you can choose to turn this off by listening to the `uncaught:exception` event.\n\nhttps://on.cypress.io/uncaught-exception-from-application\n  at <unknown> (https://offers.thepetlabco.com/probiotic-allergy-immune:0:0)",
                "diff": null
              },
              "uuid": "61a0839d-efa1-45dc-9459-c3415846ad1e",
              "parentUUID": "cd40a978-92db-47c7-88df-dd5debf5a6c1",
              "isHook": false,
              "skipped": false
            }
          ],
          "suites": [],
          "passes": [],
          "failures": [
            "6ef93368-7ec9-4ee0-9e62-aaff6be1a378",
            "283509b4-86df-4284-8f87-62304e016b28",
            "61a0839d-efa1-45dc-9459-c3415846ad1e"
          ],
          "pending": [],
          "skipped": [],
          "duration": 15505,
          "root": false,
          "rootEmpty": false,
          "_timeout": 2000
        }
      ],
      "passes": [],
      "failures": [],
      "pending": [],
      "skipped": [],
      "duration": 0,
      "root": true,
      "rootEmpty": true,
      "_timeout": 2000
    }
  ],
  "meta": {
    "mocha": {
      "version": "7.0.1"
    },
    "mochawesome": {
      "options": {
        "quiet": false,
        "reportFilename": "mochawesome",
        "saveHtml": true,
        "saveJson": true,
        "consoleReporter": "spec",
        "useInlineDiffs": false,
        "code": true
      },
      "version": "7.1.3"
    },
    "marge": {
      "options": {
        "reportDir": "cypress/results",
        "overwrite": true,
        "html": true,
        "json": true
      },
      "version": "6.2.0"
    }
  }
}